<?xml version="1.0" encoding="UTF-8"?>
<!-- Generated by org.testng.reporters.JUnitXMLReporter -->
<testsuite hostname="DESKTOP-H5L4RJD" ignored="0" name="Verify car reistration Test" tests="1" failures="1" timestamp="07 Apr 2019 16:26:10 GMT" time="2.561" errors="0">
  <testcase name="run_cukes" time="2.469" classname="cucumber.api.testng.AbstractTestNGCucumberTests">
    <failure type="java.lang.NoSuchMethodError" message="cucumber.runtime.RuntimeOptions.addPlugin(Ljava/lang/Object;)V">
      <![CDATA[java.lang.NoSuchMethodError: cucumber.runtime.RuntimeOptions.addPlugin(Ljava/lang/Object;)V
	at cucumber.api.testng.TestNGCucumberRunner.<init>(TestNGCucumberRunner.java:33)
	at cucumber.api.testng.AbstractTestNGCucumberTests.run_cukes(AbstractTestNGCucumberTests.java:14)
	at cucumber.api.testng.AbstractTestNGCucumberTests.run(AbstractTestNGCucumberTests.java:19)
	at java.util.concurrent.FutureTask.run(Unknown Source)
	at java.util.concurrent.ThreadPoolExecutor.runWorker(Unknown Source)
	at java.util.concurrent.ThreadPoolExecutor$Worker.run(Unknown Source)
	at java.lang.Thread.run(Unknown Source)
... Removed 18 stack frames]]>
    </failure>
  </testcase> <!-- run_cukes -->
</testsuite> <!-- Verify car reistration Test -->
